<?xml version="1.0" encoding="UTF-8"?>
<!-- Generated by org.testng.reporters.JUnitReportReporter -->
<testsuite skipped="0" hostname="nikhilk" name="com.qa.testcase.AllTestCases" tests="1" failures="0" timestamp="11 Apr 2019 15:45:10 GMT" time="12.815" errors="0">
  <testcase name="loginTestcase" time="12.815" classname="com.qa.testcase.AllTestCases"/>
</testsuite> <!-- com.qa.testcase.AllTestCases -->
